<?xml version="1.0" encoding="UTF-8"?>
<testng-results skipped="7" failed="0" total="7" passed="0">
  <reporter-output>
  </reporter-output>
  <suite name="Default suite" duration-ms="24663" started-at="2020-08-04T16:25:01Z" finished-at="2020-08-04T16:25:26Z">
    <groups>
    </groups>
    <test name="Default test" duration-ms="24663" started-at="2020-08-04T16:25:01Z" finished-at="2020-08-04T16:25:26Z">
      <class name="com.dev.verizon.tests.CartPageTest">
        <test-method status="FAIL" signature="setup()[pri:0, instance:com.dev.verizon.tests.CartPageTest@1cd072a9]" name="setup" is-config="true" duration-ms="0" started-at="2020-08-04T12:25:01Z" finished-at="2020-08-04T12:25:01Z">
          <exception class="org.openqa.selenium.NoSuchElementException">
            <message>
              <![CDATA[no such element: Unable to locate element: {"method":"css selector","selector":"#third100"}
  (Session info: chrome=84.0.4147.105)
For documentation on this error, please visit: https://www.seleniumhq.org/exceptions/no_such_element.html
Build info: version: '3.141.59', revision: 'e82be7d358', time: '2018-11-14T08:17:03'
System info: host: 'Sonams-MacBook-Air.local', ip: 'fe80:0:0:0:1837:bcd:8391:dc67%en0', os.name: 'Mac OS X', os.arch: 'x86_64', os.version: '10.14.6', java.version: '1.8.0_221'
Driver info: org.openqa.selenium.chrome.ChromeDriver
Capabilities {acceptInsecureCerts: false, browserName: chrome, browserVersion: 84.0.4147.105, chrome: {chromedriverVersion: 84.0.4147.30 (48b3e868b4cc0..., userDataDir: /var/folders/4c/4h85cq8s3v1...}, goog:chromeOptions: {debuggerAddress: localhost:50688}, javascriptEnabled: true, networkConnectionEnabled: false, pageLoadStrategy: normal, platform: MAC, platformName: MAC, proxy: Proxy(), setWindowRect: true, strictFileInteractability: false, timeouts: {implicit: 0, pageLoad: 300000, script: 30000}, unhandledPromptBehavior: dismiss and notify, webauthn:virtualAuthenticators: true}
Session ID: 58852ef4f062701c2357748c9484be95
*** Element info: {Using=id, value=third100}]]>
            </message>
            <full-stacktrace>
              <![CDATA[org.openqa.selenium.NoSuchElementException: no such element: Unable to locate element: {"method":"css selector","selector":"#third100"}
  (Session info: chrome=84.0.4147.105)
For documentation on this error, please visit: https://www.seleniumhq.org/exceptions/no_such_element.html
Build info: version: '3.141.59', revision: 'e82be7d358', time: '2018-11-14T08:17:03'
System info: host: 'Sonams-MacBook-Air.local', ip: 'fe80:0:0:0:1837:bcd:8391:dc67%en0', os.name: 'Mac OS X', os.arch: 'x86_64', os.version: '10.14.6', java.version: '1.8.0_221'
Driver info: org.openqa.selenium.chrome.ChromeDriver
Capabilities {acceptInsecureCerts: false, browserName: chrome, browserVersion: 84.0.4147.105, chrome: {chromedriverVersion: 84.0.4147.30 (48b3e868b4cc0..., userDataDir: /var/folders/4c/4h85cq8s3v1...}, goog:chromeOptions: {debuggerAddress: localhost:50688}, javascriptEnabled: true, networkConnectionEnabled: false, pageLoadStrategy: normal, platform: MAC, platformName: MAC, proxy: Proxy(), setWindowRect: true, strictFileInteractability: false, timeouts: {implicit: 0, pageLoad: 300000, script: 30000}, unhandledPromptBehavior: dismiss and notify, webauthn:virtualAuthenticators: true}
Session ID: 58852ef4f062701c2357748c9484be95
*** Element info: {Using=id, value=third100}
	at sun.reflect.NativeConstructorAccessorImpl.newInstance0(Native Method)
	at sun.reflect.NativeConstructorAccessorImpl.newInstance(NativeConstructorAccessorImpl.java:62)
	at sun.reflect.DelegatingConstructorAccessorImpl.newInstance(DelegatingConstructorAccessorImpl.java:45)
	at java.lang.reflect.Constructor.newInstance(Constructor.java:423)
	at org.openqa.selenium.remote.http.W3CHttpResponseCodec.createException(W3CHttpResponseCodec.java:187)
	at org.openqa.selenium.remote.http.W3CHttpResponseCodec.decode(W3CHttpResponseCodec.java:122)
	at org.openqa.selenium.remote.http.W3CHttpResponseCodec.decode(W3CHttpResponseCodec.java:49)
	at org.openqa.selenium.remote.HttpCommandExecutor.execute(HttpCommandExecutor.java:158)
	at org.openqa.selenium.remote.service.DriverCommandExecutor.execute(DriverCommandExecutor.java:83)
	at org.openqa.selenium.remote.RemoteWebDriver.execute(RemoteWebDriver.java:552)
	at org.openqa.selenium.remote.RemoteWebDriver.findElement(RemoteWebDriver.java:323)
	at org.openqa.selenium.remote.RemoteWebDriver.findElementById(RemoteWebDriver.java:372)
	at org.openqa.selenium.By$ById.findElement(By.java:188)
	at org.openqa.selenium.remote.RemoteWebDriver.findElement(RemoteWebDriver.java:315)
	at com.dev.verizon.page.HomePage.moveToPageElement(HomePage.java:48)
	at com.dev.verizon.tests.CartPageTest.setup(CartPageTest.java:34)
	at sun.reflect.NativeMethodAccessorImpl.invoke0(Native Method)
	at sun.reflect.NativeMethodAccessorImpl.invoke(NativeMethodAccessorImpl.java:62)
	at sun.reflect.DelegatingMethodAccessorImpl.invoke(DelegatingMethodAccessorImpl.java:43)
	at java.lang.reflect.Method.invoke(Method.java:498)
	at org.testng.internal.MethodInvocationHelper.invokeMethod(MethodInvocationHelper.java:86)
	at org.testng.internal.Invoker.invokeConfigurationMethod(Invoker.java:514)
	at org.testng.internal.Invoker.invokeConfigurations(Invoker.java:215)
	at org.testng.internal.Invoker.invokeConfigurations(Invoker.java:142)
	at org.testng.TestRunner.beforeRun(TestRunner.java:656)
	at org.testng.TestRunner.run(TestRunner.java:624)
	at org.testng.SuiteRunner.runTest(SuiteRunner.java:366)
	at org.testng.SuiteRunner.runSequentially(SuiteRunner.java:361)
	at org.testng.SuiteRunner.privateRun(SuiteRunner.java:319)
	at org.testng.SuiteRunner.run(SuiteRunner.java:268)
	at org.testng.SuiteRunnerWorker.runSuite(SuiteRunnerWorker.java:52)
	at org.testng.SuiteRunnerWorker.run(SuiteRunnerWorker.java:86)
	at org.testng.TestNG.runSuitesSequentially(TestNG.java:1244)
	at org.testng.TestNG.runSuitesLocally(TestNG.java:1169)
	at org.testng.TestNG.run(TestNG.java:1064)
	at org.testng.remote.RemoteTestNG.run(RemoteTestNG.java:113)
	at org.testng.remote.RemoteTestNG.initAndRun(RemoteTestNG.java:206)
	at org.testng.remote.RemoteTestNG.main(RemoteTestNG.java:177)
]]>
            </full-stacktrace>
          </exception> <!-- org.openqa.selenium.NoSuchElementException -->
          <reporter-output>
          </reporter-output>
        </test-method> <!-- setup -->
        <test-method status="SKIP" signature="setUp()[pri:0, instance:com.dev.verizon.tests.PhonePageTest@7c75222b]" name="setUp" is-config="true" duration-ms="0" started-at="2020-08-04T12:25:26Z" finished-at="2020-08-04T12:25:26Z">
          <reporter-output>
          </reporter-output>
        </test-method> <!-- setUp -->
        <test-method status="FAIL" signature="setUp()[pri:0, instance:null]" name="setUp" is-config="true" duration-ms="0" started-at="2020-08-04T12:25:26Z" finished-at="2020-08-04T12:25:26Z">
          <exception class="java.lang.NullPointerException">
            <full-stacktrace>
              <![CDATA[java.lang.NullPointerException
	at org.testng.internal.Invoker.invokeConfigurations(Invoker.java:182)
	at org.testng.internal.Invoker.invokeConfigurations(Invoker.java:142)
	at org.testng.TestRunner.beforeRun(TestRunner.java:656)
	at org.testng.TestRunner.run(TestRunner.java:624)
	at org.testng.SuiteRunner.runTest(SuiteRunner.java:366)
	at org.testng.SuiteRunner.runSequentially(SuiteRunner.java:361)
	at org.testng.SuiteRunner.privateRun(SuiteRunner.java:319)
	at org.testng.SuiteRunner.run(SuiteRunner.java:268)
	at org.testng.SuiteRunnerWorker.runSuite(SuiteRunnerWorker.java:52)
	at org.testng.SuiteRunnerWorker.run(SuiteRunnerWorker.java:86)
	at org.testng.TestNG.runSuitesSequentially(TestNG.java:1244)
	at org.testng.TestNG.runSuitesLocally(TestNG.java:1169)
	at org.testng.TestNG.run(TestNG.java:1064)
	at org.testng.remote.RemoteTestNG.run(RemoteTestNG.java:113)
	at org.testng.remote.RemoteTestNG.initAndRun(RemoteTestNG.java:206)
	at org.testng.remote.RemoteTestNG.main(RemoteTestNG.java:177)
]]>
            </full-stacktrace>
          </exception> <!-- java.lang.NullPointerException -->
          <reporter-output>
          </reporter-output>
        </test-method> <!-- setUp -->
      </class> <!-- com.dev.verizon.tests.CartPageTest -->
      <class name="com.dev.verizon.tests.SmartphonePageTest">
        <test-method status="SKIP" signature="verifyHomePageTitle()[pri:1, instance:null]" name="verifyHomePageTitle" duration-ms="1" started-at="2020-08-04T12:25:26Z" description="Smartphone Page Title = Smartphones - Buy The Newest Cell Phones | Verizon Wireless" finished-at="2020-08-04T12:25:26Z">
          <reporter-output>
          </reporter-output>
        </test-method> <!-- verifyHomePageTitle -->
        <test-method status="SKIP" signature="choosePhoneTest()[pri:2, instance:null]" name="choosePhoneTest" duration-ms="1" started-at="2020-08-04T12:25:26Z" description="Chooses the phone you like" finished-at="2020-08-04T12:25:26Z">
          <reporter-output>
          </reporter-output>
        </test-method> <!-- choosePhoneTest -->
      </class> <!-- com.dev.verizon.tests.SmartphonePageTest -->
      <class name="com.dev.verizon.tests.HomePageTest">
        <test-method status="SKIP" signature="setUp()[pri:0, instance:com.dev.verizon.tests.HomePageTest@4c203ea1]" name="setUp" is-config="true" duration-ms="0" started-at="2020-08-04T12:25:26Z" finished-at="2020-08-04T12:25:26Z">
          <reporter-output>
          </reporter-output>
        </test-method> <!-- setUp -->
        <test-method status="SKIP" signature="verifyHomePageTitle()[pri:1, instance:com.dev.verizon.tests.HomePageTest@4c203ea1]" name="verifyHomePageTitle" duration-ms="0" started-at="2020-08-04T12:25:26Z" description="Verify the title" finished-at="2020-08-04T12:25:26Z">
          <reporter-output>
          </reporter-output>
        </test-method> <!-- verifyHomePageTitle -->
        <test-method status="SKIP" signature="tearDown()[pri:0, instance:com.dev.verizon.tests.HomePageTest@4c203ea1]" name="tearDown" is-config="true" duration-ms="0" started-at="2020-08-04T12:25:26Z" finished-at="2020-08-04T12:25:26Z">
          <reporter-output>
          </reporter-output>
        </test-method> <!-- tearDown -->
        <test-method status="SKIP" signature="setUp()[pri:0, instance:com.dev.verizon.tests.HomePageTest@4c203ea1]" name="setUp" is-config="true" duration-ms="0" started-at="2020-08-04T12:25:26Z" finished-at="2020-08-04T12:25:26Z">
          <reporter-output>
          </reporter-output>
        </test-method> <!-- setUp -->
        <test-method status="SKIP" signature="phonesClick()[pri:2, instance:com.dev.verizon.tests.HomePageTest@4c203ea1]" name="phonesClick" duration-ms="1" started-at="2020-08-04T12:25:26Z" description="Click the Phones" finished-at="2020-08-04T12:25:26Z">
          <reporter-output>
          </reporter-output>
        </test-method> <!-- phonesClick -->
        <test-method status="SKIP" signature="tearDown()[pri:0, instance:com.dev.verizon.tests.HomePageTest@4c203ea1]" name="tearDown" is-config="true" duration-ms="0" started-at="2020-08-04T12:25:26Z" finished-at="2020-08-04T12:25:26Z">
          <reporter-output>
          </reporter-output>
        </test-method> <!-- tearDown -->
        <test-method status="SKIP" signature="hoverPhones()[pri:3, instance:com.dev.verizon.tests.HomePageTest@4c203ea1]" name="hoverPhones" duration-ms="1" started-at="2020-08-04T12:25:26Z" description="hover over smart phones" finished-at="2020-08-04T12:25:26Z">
          <reporter-output>
          </reporter-output>
        </test-method> <!-- hoverPhones -->
        <test-method status="SKIP" signature="setUp()[pri:0, instance:com.dev.verizon.tests.HomePageTest@4c203ea1]" name="setUp" is-config="true" duration-ms="0" started-at="2020-08-04T12:25:26Z" finished-at="2020-08-04T12:25:26Z">
          <reporter-output>
          </reporter-output>
        </test-method> <!-- setUp -->
        <test-method status="SKIP" signature="tearDown()[pri:0, instance:com.dev.verizon.tests.HomePageTest@4c203ea1]" name="tearDown" is-config="true" duration-ms="0" started-at="2020-08-04T12:25:26Z" finished-at="2020-08-04T12:25:26Z">
          <reporter-output>
          </reporter-output>
        </test-method> <!-- tearDown -->
      </class> <!-- com.dev.verizon.tests.HomePageTest -->
      <class name="com.dev.verizon.tests.PhonePageTest">
        <test-method status="SKIP" signature="verifyTitle()[pri:0, instance:com.dev.verizon.tests.PhonePageTest@7c75222b]" test-instance-name="" name="verifyTitle" duration-ms="0" started-at="2020-08-04T12:25:26Z" finished-at="2020-08-04T12:25:26Z">
          <reporter-output>
          </reporter-output>
        </test-method> <!-- verifyTitle -->
        <test-method status="SKIP" signature="hoverPhones()[pri:2, instance:com.dev.verizon.tests.PhonePageTest@7c75222b]" test-instance-name="" name="hoverPhones" duration-ms="1" started-at="2020-08-04T12:25:26Z" finished-at="2020-08-04T12:25:26Z">
          <reporter-output>
          </reporter-output>
        </test-method> <!-- hoverPhones -->
        <test-method status="SKIP" signature="tearDown()[pri:0, instance:com.dev.verizon.tests.PhonePageTest@7c75222b]" test-instance-name="" name="tearDown" is-config="true" duration-ms="0" started-at="2020-08-04T12:25:26Z" finished-at="2020-08-04T12:25:26Z">
          <reporter-output>
          </reporter-output>
        </test-method> <!-- tearDown -->
        <test-method status="FAIL" signature="tearDown()[pri:0, instance:null]" test-instance-name="" name="tearDown" is-config="true" duration-ms="0" started-at="2020-08-04T12:25:26Z" finished-at="2020-08-04T12:25:26Z">
          <exception class="java.lang.NullPointerException">
            <full-stacktrace>
              <![CDATA[java.lang.NullPointerException
	at org.testng.internal.Invoker.invokeConfigurations(Invoker.java:182)
	at org.testng.internal.Invoker.invokeConfigurations(Invoker.java:142)
	at org.testng.TestRunner.afterRun(TestRunner.java:1012)
	at org.testng.TestRunner.run(TestRunner.java:636)
	at org.testng.SuiteRunner.runTest(SuiteRunner.java:366)
	at org.testng.SuiteRunner.runSequentially(SuiteRunner.java:361)
	at org.testng.SuiteRunner.privateRun(SuiteRunner.java:319)
	at org.testng.SuiteRunner.run(SuiteRunner.java:268)
	at org.testng.SuiteRunnerWorker.runSuite(SuiteRunnerWorker.java:52)
	at org.testng.SuiteRunnerWorker.run(SuiteRunnerWorker.java:86)
	at org.testng.TestNG.runSuitesSequentially(TestNG.java:1244)
	at org.testng.TestNG.runSuitesLocally(TestNG.java:1169)
	at org.testng.TestNG.run(TestNG.java:1064)
	at org.testng.remote.RemoteTestNG.run(RemoteTestNG.java:113)
	at org.testng.remote.RemoteTestNG.initAndRun(RemoteTestNG.java:206)
	at org.testng.remote.RemoteTestNG.main(RemoteTestNG.java:177)
]]>
            </full-stacktrace>
          </exception> <!-- java.lang.NullPointerException -->
          <reporter-output>
          </reporter-output>
        </test-method> <!-- tearDown -->
      </class> <!-- com.dev.verizon.tests.PhonePageTest -->
    </test> <!-- Default test -->
  </suite> <!-- Default suite -->
</testng-results>
